<?xml version="1.0" encoding="UTF-8"?>
<coverage generated="1609074338076" clover="3.2.0">
  <project timestamp="1609074338076" name="All files">
    <metrics statements="20" coveredstatements="7" conditionals="4" coveredconditionals="0" methods="4" coveredmethods="2" elements="28" coveredelements="9" complexity="0" loc="20" ncloc="20" packages="2" files="2" classes="2"/>
    <package name="services">
      <metrics statements="1" coveredstatements="0" conditionals="0" coveredconditionals="0" methods="1" coveredmethods="0"/>
      <file name="provider.js" path="/home/getamas/Workspace/projects/vue-boilerplate/src/services/provider.js">
        <metrics statements="1" coveredstatements="0" conditionals="0" coveredconditionals="0" methods="1" coveredmethods="0"/>
        <line num="3" count="0" type="stmt"/>
      </file>
    </package>
    <package name="services.api.articles">
      <metrics statements="19" coveredstatements="7" conditionals="4" coveredconditionals="0" methods="3" coveredmethods="2"/>
      <file name="articles.service.js" path="/home/getamas/Workspace/projects/vue-boilerplate/src/services/api/articles/articles.service.js">
        <metrics statements="19" coveredstatements="7" conditionals="4" coveredconditionals="0" methods="3" coveredmethods="2"/>
        <line num="5" count="1" type="stmt"/>
        <line num="6" count="1" type="stmt"/>
        <line num="7" count="1" type="stmt"/>
        <line num="9" count="0" type="stmt"/>
        <line num="14" count="3" type="stmt"/>
        <line num="15" count="3" type="stmt"/>
        <line num="16" count="1" type="stmt"/>
        <line num="18" count="1" type="stmt"/>
        <line num="23" count="0" type="stmt"/>
        <line num="24" count="0" type="stmt"/>
        <line num="26" count="0" type="cond" truecount="0" falsecount="2"/>
        <line num="27" count="0" type="stmt"/>
        <line num="30" count="0" type="stmt"/>
        <line num="32" count="0" type="cond" truecount="0" falsecount="2"/>
        <line num="33" count="0" type="stmt"/>
        <line num="36" count="0" type="stmt"/>
        <line num="37" count="0" type="stmt"/>
        <line num="39" count="0" type="stmt"/>
        <line num="41" count="0" type="stmt"/>
      </file>
    </package>
  </project>
</coverage>
