{"/home/getamas/Workspace/projects/vue-boilerplate/src/services/provider.js": {"path":"/home/getamas/Workspace/projects/vue-boilerplate/src/services/provider.js","statementMap":{"0":{"start":{"line":3,"column":24},"end":{"line":5,"column":2}},"1":{"start":{"line":3,"column":31},"end":{"line":5,"column":1}}},"fnMap":{"0":{"name":"(anonymous_0)","decl":{"start":{"line":3,"column":24},"end":{"line":3,"column":25}},"loc":{"start":{"line":3,"column":31},"end":{"line":5,"column":1}},"line":3}},"branchMap":{},"s":{"0":0,"1":0},"f":{"0":0},"b":{},"hash":"0f0518f329c97d23cb9bd228b340e26e3fe790ff"}
,"/home/getamas/Workspace/projects/vue-boilerplate/src/services/api/articles/articles.service.js": {"path":"/home/getamas/Workspace/projects/vue-boilerplate/src/services/api/articles/articles.service.js","statementMap":{"0":{"start":{"line":5,"column":2},"end":{"line":10,"column":3}},"1":{"start":{"line":6,"column":21},"end":{"line":6,"column":50}},"2":{"start":{"line":7,"column":4},"end":{"line":7,"column":32}},"3":{"start":{"line":9,"column":4},"end":{"line":9,"column":32}},"4":{"start":{"line":14,"column":2},"end":{"line":19,"column":3}},"5":{"start":{"line":15,"column":21},"end":{"line":15,"column":54}},"6":{"start":{"line":16,"column":4},"end":{"line":16,"column":45}},"7":{"start":{"line":18,"column":4},"end":{"line":18,"column":32}},"8":{"start":{"line":23,"column":2},"end":{"line":42,"column":3}},"9":{"start":{"line":24,"column":20},"end":{"line":24,"column":47}},"10":{"start":{"line":26,"column":4},"end":{"line":28,"column":5}},"11":{"start":{"line":27,"column":6},"end":{"line":27,"column":53}},"12":{"start":{"line":30,"column":20},"end":{"line":30,"column":44}},"13":{"start":{"line":32,"column":4},"end":{"line":34,"column":5}},"14":{"start":{"line":33,"column":6},"end":{"line":33,"column":50}},"15":{"start":{"line":36,"column":4},"end":{"line":36,"column":59}},"16":{"start":{"line":37,"column":4},"end":{"line":37,"column":34}},"17":{"start":{"line":39,"column":4},"end":{"line":39,"column":35}},"18":{"start":{"line":41,"column":4},"end":{"line":41,"column":32}}},"fnMap":{"0":{"name":"getAll","decl":{"start":{"line":4,"column":15},"end":{"line":4,"column":21}},"loc":{"start":{"line":4,"column":24},"end":{"line":11,"column":1}},"line":4},"1":{"name":"getOneById","decl":{"start":{"line":13,"column":15},"end":{"line":13,"column":25}},"loc":{"start":{"line":13,"column":30},"end":{"line":20,"column":1}},"line":13},"2":{"name":"createComment","decl":{"start":{"line":22,"column":15},"end":{"line":22,"column":28}},"loc":{"start":{"line":22,"column":53},"end":{"line":43,"column":1}},"line":22}},"branchMap":{"0":{"loc":{"start":{"line":26,"column":4},"end":{"line":28,"column":5}},"type":"if","locations":[{"start":{"line":26,"column":4},"end":{"line":28,"column":5}},{"start":{"line":26,"column":4},"end":{"line":28,"column":5}}],"line":26},"1":{"loc":{"start":{"line":32,"column":4},"end":{"line":34,"column":5}},"type":"if","locations":[{"start":{"line":32,"column":4},"end":{"line":34,"column":5}},{"start":{"line":32,"column":4},"end":{"line":34,"column":5}}],"line":32}},"s":{"0":1,"1":1,"2":1,"3":0,"4":3,"5":3,"6":1,"7":1,"8":0,"9":0,"10":0,"11":0,"12":0,"13":0,"14":0,"15":0,"16":0,"17":0,"18":0},"f":{"0":1,"1":3,"2":0},"b":{"0":[0,0],"1":[0,0]},"_coverageSchema":"43e27e138ebf9cfc5966b082cf9a028302ed4184","hash":"652959b3a590334eae0e51faa3988ef27239d90d"}
}
