TN:
SF:/home/getamas/Workspace/projects/vue-boilerplate/src/services/provider.js
FN:3,(anonymous_0)
FNF:1
FNH:0
FNDA:0,(anonymous_0)
DA:3,0
LF:1
LH:0
BRF:0
BRH:0
end_of_record
TN:
SF:/home/getamas/Workspace/projects/vue-boilerplate/src/services/api/articles/articles.service.js
FN:4,getAll
FN:13,getOneById
FN:22,createComment
FNF:3
FNH:2
FNDA:1,getAll
FNDA:3,getOneById
FNDA:0,createComment
DA:5,1
DA:6,1
DA:7,1
DA:9,0
DA:14,3
DA:15,3
DA:16,1
DA:18,1
DA:23,0
DA:24,0
DA:26,0
DA:27,0
DA:30,0
DA:32,0
DA:33,0
DA:36,0
DA:37,0
DA:39,0
DA:41,0
LF:19
LH:7
BRDA:26,0,0,0
BRDA:26,0,1,0
BRDA:32,1,0,0
BRDA:32,1,1,0
BRF:4
BRH:0
end_of_record
